<?xml version="1.0" encoding="UTF-8" ?>
<testsuite tests="4" failures="0" name="demo.DemoServiceTest" time="0.166" errors="0" skipped="0">
  <properties>
[...]
</properties>
  <testcase classname="demo.DemoServiceTest" name="exceptionWontBeCaptured" time="0.023"/>
  <testcase classname="demo.DemoServiceTest" name="blockMainThread" time="0"/>
  <testcase classname="demo.DemoServiceTest" name="poweredByAwaitility" time="0.142"/>
  <testcase classname="demo.DemoServiceTest" name="waitOnCountDown" time="0.001"/>
</testsuite>